Build started 2/9/2021 11:44:15 AM.
     1>Project "D:\Downloads\sphinxtrain-master\win32\libs\libio\libio.vcxproj" on node 6 (Build target(s)).
     1>ClCompile:
         C:\Program Files (x86)\Microsoft Visual Studio 11.0\VC\bin\CL.exe /c /I..\..\..\include /I..\..\..\..\sphinxbase\include\win32 /I..\..\..\..\sphinxbase\include /ZI /nologo /W3 /WX- /Od /Oy- /D _DEBUG /D _LIB /D _CRT_SECURE_NO_WARNINGS /D SPHINX_DLL /D _VC80_UPGRADE=0x0600 /D _MBCS /Gm /EHsc /RTC1 /MDd /GS /fp:precise /Zc:wchar_t /Zc:forScope /Fo".\Debug\Win32/" /Fd".\Debug\Win32/vc110.pdb" /Gd /TC /analyze- /errorReport:prompt ..\..\..\src\libs\libio\corpus.c ..\..\..\src\libs\libio\model_def_io.c ..\..\..\src\libs\libio\pset_io.c ..\..\..\src\libs\libio\s3acc_io.c ..\..\..\src\libs\libio\s3cb2mllr_io.c ..\..\..\src\libs\libio\s3gau_full_io.c ..\..\..\src\libs\libio\s3gau_io.c ..\..\..\src\libs\libio\s3io.c ..\..\..\src\libs\libio\s3lamb_io.c ..\..\..\src\libs\libio\s3map_io.c ..\..\..\src\libs\libio\s3mixw_io.c ..\..\..\src\libs\libio\s3phseg_io.c ..\..\..\src\libs\libio\s3tmat_io.c ..\..\..\src\libs\libio\s3ts2cb_io.c ..\..\..\src\libs\libio\segdmp.c ..\..\..\src\libs\libio\swap.c ..\..\..\src\libs\libio\topo_read.c
         topo_read.c
         swap.c
         segdmp.c
         s3ts2cb_io.c
         s3tmat_io.c
     1>d:\downloads\sphinxtrain-master\src\libs\libio\s3tmat_io.c(142): warning C4018: '<' : signed/unsigned mismatch
     1>d:\downloads\sphinxtrain-master\src\libs\libio\s3tmat_io.c(143): warning C4018: '<' : signed/unsigned mismatch
     1>d:\downloads\sphinxtrain-master\src\libs\libio\s3tmat_io.c(144): warning C4018: '<' : signed/unsigned mismatch
         s3phseg_io.c
         s3mixw_io.c
         s3map_io.c
         s3lamb_io.c
         s3io.c
     1>d:\downloads\sphinxtrain-master\src\libs\libio\s3io.c(119): warning C4996: 'strdup': The POSIX name for this item is deprecated. Instead, use the ISO C++ conformant name: _strdup. See online help for details.
                 c:\program files (x86)\microsoft visual studio 11.0\vc\include\string.h(241) : see declaration of 'strdup'
     1>d:\downloads\sphinxtrain-master\src\libs\libio\s3io.c(120): warning C4996: 'strdup': The POSIX name for this item is deprecated. Instead, use the ISO C++ conformant name: _strdup. See online help for details.
                 c:\program files (x86)\microsoft visual studio 11.0\vc\include\string.h(241) : see declaration of 'strdup'
     1>d:\downloads\sphinxtrain-master\src\libs\libio\s3io.c(635): warning C4996: 'open': The POSIX name for this item is deprecated. Instead, use the ISO C++ conformant name: _open. See online help for details.
                 c:\program files (x86)\microsoft visual studio 11.0\vc\include\io.h(315) : see declaration of 'open'
     1>d:\downloads\sphinxtrain-master\src\libs\libio\s3io.c(640): warning C4996: 'read': The POSIX name for this item is deprecated. Instead, use the ISO C++ conformant name: _read. See online help for details.
                 c:\program files (x86)\microsoft visual studio 11.0\vc\include\io.h(316) : see declaration of 'read'
     1>d:\downloads\sphinxtrain-master\src\libs\libio\s3io.c(643): warning C4996: 'close': The POSIX name for this item is deprecated. Instead, use the ISO C++ conformant name: _close. See online help for details.
                 c:\program files (x86)\microsoft visual studio 11.0\vc\include\io.h(305) : see declaration of 'close'
     1>d:\downloads\sphinxtrain-master\src\libs\libio\s3io.c(649): warning C4996: 'close': The POSIX name for this item is deprecated. Instead, use the ISO C++ conformant name: _close. See online help for details.
                 c:\program files (x86)\microsoft visual studio 11.0\vc\include\io.h(305) : see declaration of 'close'
     1>d:\downloads\sphinxtrain-master\src\libs\libio\s3io.c(658): warning C4996: 'close': The POSIX name for this item is deprecated. Instead, use the ISO C++ conformant name: _close. See online help for details.
                 c:\program files (x86)\microsoft visual studio 11.0\vc\include\io.h(305) : see declaration of 'close'
     1>d:\downloads\sphinxtrain-master\src\libs\libio\s3io.c(661): warning C4996: 'read': The POSIX name for this item is deprecated. Instead, use the ISO C++ conformant name: _read. See online help for details.
                 c:\program files (x86)\microsoft visual studio 11.0\vc\include\io.h(316) : see declaration of 'read'
     1>d:\downloads\sphinxtrain-master\src\libs\libio\s3io.c(664): warning C4996: 'close': The POSIX name for this item is deprecated. Instead, use the ISO C++ conformant name: _close. See online help for details.
                 c:\program files (x86)\microsoft visual studio 11.0\vc\include\io.h(305) : see declaration of 'close'
     1>d:\downloads\sphinxtrain-master\src\libs\libio\s3io.c(668): warning C4996: 'close': The POSIX name for this item is deprecated. Instead, use the ISO C++ conformant name: _close. See online help for details.
                 c:\program files (x86)\microsoft visual studio 11.0\vc\include\io.h(305) : see declaration of 'close'
     1>d:\downloads\sphinxtrain-master\src\libs\libio\s3io.c(687): warning C4996: 'open': The POSIX name for this item is deprecated. Instead, use the ISO C++ conformant name: _open. See online help for details.
                 c:\program files (x86)\microsoft visual studio 11.0\vc\include\io.h(315) : see declaration of 'open'
     1>d:\downloads\sphinxtrain-master\src\libs\libio\s3io.c(693): warning C4996: 'read': The POSIX name for this item is deprecated. Instead, use the ISO C++ conformant name: _read. See online help for details.
                 c:\program files (x86)\microsoft visual studio 11.0\vc\include\io.h(316) : see declaration of 'read'
     1>d:\downloads\sphinxtrain-master\src\libs\libio\s3io.c(697): warning C4996: 'close': The POSIX name for this item is deprecated. Instead, use the ISO C++ conformant name: _close. See online help for details.
                 c:\program files (x86)\microsoft visual studio 11.0\vc\include\io.h(305) : see declaration of 'close'
     1>d:\downloads\sphinxtrain-master\src\libs\libio\s3io.c(703): warning C4996: 'close': The POSIX name for this item is deprecated. Instead, use the ISO C++ conformant name: _close. See online help for details.
                 c:\program files (x86)\microsoft visual studio 11.0\vc\include\io.h(305) : see declaration of 'close'
     1>d:\downloads\sphinxtrain-master\src\libs\libio\s3io.c(714): warning C4996: 'close': The POSIX name for this item is deprecated. Instead, use the ISO C++ conformant name: _close. See online help for details.
                 c:\program files (x86)\microsoft visual studio 11.0\vc\include\io.h(305) : see declaration of 'close'
     1>d:\downloads\sphinxtrain-master\src\libs\libio\s3io.c(717): warning C4996: 'read': The POSIX name for this item is deprecated. Instead, use the ISO C++ conformant name: _read. See online help for details.
                 c:\program files (x86)\microsoft visual studio 11.0\vc\include\io.h(316) : see declaration of 'read'
     1>d:\downloads\sphinxtrain-master\src\libs\libio\s3io.c(721): warning C4996: 'close': The POSIX name for this item is deprecated. Instead, use the ISO C++ conformant name: _close. See online help for details.
                 c:\program files (x86)\microsoft visual studio 11.0\vc\include\io.h(305) : see declaration of 'close'
     1>d:\downloads\sphinxtrain-master\src\libs\libio\s3io.c(725): warning C4996: 'close': The POSIX name for this item is deprecated. Instead, use the ISO C++ conformant name: _close. See online help for details.
                 c:\program files (x86)\microsoft visual studio 11.0\vc\include\io.h(305) : see declaration of 'close'
     1>d:\downloads\sphinxtrain-master\src\libs\libio\s3io.c(742): warning C4996: 'open': The POSIX name for this item is deprecated. Instead, use the ISO C++ conformant name: _open. See online help for details.
                 c:\program files (x86)\microsoft visual studio 11.0\vc\include\io.h(315) : see declaration of 'open'
     1>d:\downloads\sphinxtrain-master\src\libs\libio\s3io.c(750): warning C4996: 'write': The POSIX name for this item is deprecated. Instead, use the ISO C++ conformant name: _write. See online help for details.
                 c:\program files (x86)\microsoft visual studio 11.0\vc\include\io.h(321) : see declaration of 'write'
     1>d:\downloads\sphinxtrain-master\src\libs\libio\s3io.c(754): warning C4996: 'close': The POSIX name for this item is deprecated. Instead, use the ISO C++ conformant name: _close. See online help for details.
                 c:\program files (x86)\microsoft visual studio 11.0\vc\include\io.h(305) : see declaration of 'close'
     1>d:\downloads\sphinxtrain-master\src\libs\libio\s3io.c(762): warning C4996: 'write': The POSIX name for this item is deprecated. Instead, use the ISO C++ conformant name: _write. See online help for details.
                 c:\program files (x86)\microsoft visual studio 11.0\vc\include\io.h(321) : see declaration of 'write'
     1>d:\downloads\sphinxtrain-master\src\libs\libio\s3io.c(766): warning C4996: 'close': The POSIX name for this item is deprecated. Instead, use the ISO C++ conformant name: _close. See online help for details.
                 c:\program files (x86)\microsoft visual studio 11.0\vc\include\io.h(305) : see declaration of 'close'
     1>d:\downloads\sphinxtrain-master\src\libs\libio\s3io.c(773): warning C4996: 'close': The POSIX name for this item is deprecated. Instead, use the ISO C++ conformant name: _close. See online help for details.
                 c:\program files (x86)\microsoft visual studio 11.0\vc\include\io.h(305) : see declaration of 'close'
         s3gau_io.c
         s3gau_full_io.c
         s3cb2mllr_io.c
         s3acc_io.c
     1>d:\downloads\sphinxtrain-master\src\libs\libio\s3acc_io.c(268): warning C4018: '<' : signed/unsigned mismatch
     1>d:\downloads\sphinxtrain-master\src\libs\libio\s3acc_io.c(391): warning C4018: '<' : signed/unsigned mismatch
     1>d:\downloads\sphinxtrain-master\src\libs\libio\s3acc_io.c(509): warning C4018: '<' : signed/unsigned mismatch
         pset_io.c
     1>d:\downloads\sphinxtrain-master\src\libs\libio\pset_io.c(96): warning C4996: 'strdup': The POSIX name for this item is deprecated. Instead, use the ISO C++ conformant name: _strdup. See online help for details.
                 c:\program files (x86)\microsoft visual studio 11.0\vc\include\string.h(241) : see declaration of 'strdup'
     1>d:\downloads\sphinxtrain-master\src\libs\libio\pset_io.c(110): warning C4996: 'strdup': The POSIX name for this item is deprecated. Instead, use the ISO C++ conformant name: _strdup. See online help for details.
                 c:\program files (x86)\microsoft visual studio 11.0\vc\include\string.h(241) : see declaration of 'strdup'
         model_def_io.c
         corpus.c
     1>d:\downloads\sphinxtrain-master\src\libs\libio\corpus.c(238): warning C4996: 'strdup': The POSIX name for this item is deprecated. Instead, use the ISO C++ conformant name: _strdup. See online help for details.
                 c:\program files (x86)\microsoft visual studio 11.0\vc\include\string.h(241) : see declaration of 'strdup'
     1>d:\downloads\sphinxtrain-master\src\libs\libio\corpus.c(249): warning C4996: 'strdup': The POSIX name for this item is deprecated. Instead, use the ISO C++ conformant name: _strdup. See online help for details.
                 c:\program files (x86)\microsoft visual studio 11.0\vc\include\string.h(241) : see declaration of 'strdup'
     1>d:\downloads\sphinxtrain-master\src\libs\libio\corpus.c(271): warning C4996: 'strdup': The POSIX name for this item is deprecated. Instead, use the ISO C++ conformant name: _strdup. See online help for details.
                 c:\program files (x86)\microsoft visual studio 11.0\vc\include\string.h(241) : see declaration of 'strdup'
     1>d:\downloads\sphinxtrain-master\src\libs\libio\corpus.c(1113): warning C4996: 'strdup': The POSIX name for this item is deprecated. Instead, use the ISO C++ conformant name: _strdup. See online help for details.
                 c:\program files (x86)\microsoft visual studio 11.0\vc\include\string.h(241) : see declaration of 'strdup'
     1>d:\downloads\sphinxtrain-master\src\libs\libio\corpus.c(1279): warning C4996: 'strdup': The POSIX name for this item is deprecated. Instead, use the ISO C++ conformant name: _strdup. See online help for details.
                 c:\program files (x86)\microsoft visual studio 11.0\vc\include\string.h(241) : see declaration of 'strdup'
     1>d:\downloads\sphinxtrain-master\src\libs\libio\corpus.c(1484): warning C4996: 'strdup': The POSIX name for this item is deprecated. Instead, use the ISO C++ conformant name: _strdup. See online help for details.
                 c:\program files (x86)\microsoft visual studio 11.0\vc\include\string.h(241) : see declaration of 'strdup'
         Generating Code...
       Lib:
         C:\Program Files (x86)\Microsoft Visual Studio 11.0\VC\bin\Lib.exe /OUT:".\..\..\..\lib\Debug\Win32\libio.lib" sphinxbase.lib /LIBPATH:..\..\..\..\sphinxbase\bin\Debug\Win32 /NOLOGO .\Debug\Win32/corpus.obj
         .\Debug\Win32/model_def_io.obj
         .\Debug\Win32/pset_io.obj
         .\Debug\Win32/s3acc_io.obj
         .\Debug\Win32/s3cb2mllr_io.obj
         .\Debug\Win32/s3gau_full_io.obj
         .\Debug\Win32/s3gau_io.obj
         .\Debug\Win32/s3io.obj
         .\Debug\Win32/s3lamb_io.obj
         .\Debug\Win32/s3map_io.obj
         .\Debug\Win32/s3mixw_io.obj
         .\Debug\Win32/s3phseg_io.obj
         .\Debug\Win32/s3tmat_io.obj
         .\Debug\Win32/s3ts2cb_io.obj
         .\Debug\Win32/segdmp.obj
         .\Debug\Win32/swap.obj
         .\Debug\Win32/topo_read.obj
         libio.vcxproj -> D:\Downloads\sphinxtrain-master\win32\libs\libio\.\..\..\..\lib\Debug\Win32\libio.lib
     1>Done Building Project "D:\Downloads\sphinxtrain-master\win32\libs\libio\libio.vcxproj" (Build target(s)).

Build succeeded.

Time Elapsed 00:00:02.06
