D:\DOWNLOADS\SPHINXBASE\WIN32\SPHINX_PITCH\DEBUG\WIN32\SPHINX_PITCH.OBJ
D:\DOWNLOADS\SPHINXBASE\WIN32\SPHINX_PITCH\DEBUG\WIN32\VC110.PDB
D:\DOWNLOADS\SPHINXBASE\BIN\DEBUG\WIN32\SPHINX_PITCH.ILK
D:\DOWNLOADS\SPHINXBASE\BIN\DEBUG\WIN32\SPHINX_PITCH.EXE
D:\DOWNLOADS\SPHINXBASE\BIN\DEBUG\WIN32\SPHINX_PITCH.PDB
D:\Downloads\sphinxbase\win32\sphinx_pitch\Debug\Win32\sphinx_pitch.obj
D:\Downloads\sphinxbase\win32\sphinx_pitch\Debug\Win32\cl.command.1.tlog
D:\Downloads\sphinxbase\win32\sphinx_pitch\Debug\Win32\CL.read.1.tlog
D:\Downloads\sphinxbase\win32\sphinx_pitch\Debug\Win32\CL.write.1.tlog
D:\Downloads\sphinxbase\win32\sphinx_pitch\Debug\Win32\link-cvtres.read.1.tlog
D:\Downloads\sphinxbase\win32\sphinx_pitch\Debug\Win32\link-cvtres.write.1.tlog
D:\Downloads\sphinxbase\win32\sphinx_pitch\Debug\Win32\link-rc.read.1.tlog
D:\Downloads\sphinxbase\win32\sphinx_pitch\Debug\Win32\link-rc.write.1.tlog
D:\Downloads\sphinxbase\win32\sphinx_pitch\Debug\Win32\link.command.1.tlog
D:\Downloads\sphinxbase\win32\sphinx_pitch\Debug\Win32\link.read.1.tlog
D:\Downloads\sphinxbase\win32\sphinx_pitch\Debug\Win32\link.write.1.tlog
D:\Downloads\sphinxbase\win32\sphinx_pitch\Debug\Win32\vc110.idb
D:\Downloads\sphinxbase\win32\sphinx_pitch\Debug\Win32\vc110.pdb
D:\Downloads\sphinxbase\\bin\Debug\Win32\sphinx_pitch.pdb
D:\Downloads\sphinxbase\\bin\Debug\Win32\sphinx_pitch.exe
D:\Downloads\sphinxbase\\bin\Debug\Win32\sphinx_pitch.ilk
