D:\DOWNLOADS\SPHINXBASE\WIN32\SPHINX_SEG\DEBUG\WIN32\CONT_SEG.OBJ
D:\DOWNLOADS\SPHINXBASE\WIN32\SPHINX_SEG\DEBUG\WIN32\VC110.PDB
D:\DOWNLOADS\SPHINXBASE\BIN\DEBUG\WIN32\SPHINX_SEG.ILK
D:\DOWNLOADS\SPHINXBASE\BIN\DEBUG\WIN32\SPHINX_SEG.EXE
D:\DOWNLOADS\SPHINXBASE\BIN\DEBUG\WIN32\SPHINX_SEG.PDB
D:\Downloads\sphinxbase\win32\sphinx_seg\Debug\Win32\cont_seg.obj
D:\Downloads\sphinxbase\win32\sphinx_seg\Debug\Win32\cl.command.1.tlog
D:\Downloads\sphinxbase\win32\sphinx_seg\Debug\Win32\CL.read.1.tlog
D:\Downloads\sphinxbase\win32\sphinx_seg\Debug\Win32\CL.write.1.tlog
D:\Downloads\sphinxbase\win32\sphinx_seg\Debug\Win32\link-cvtres.read.1.tlog
D:\Downloads\sphinxbase\win32\sphinx_seg\Debug\Win32\link-cvtres.write.1.tlog
D:\Downloads\sphinxbase\win32\sphinx_seg\Debug\Win32\link-rc.read.1.tlog
D:\Downloads\sphinxbase\win32\sphinx_seg\Debug\Win32\link-rc.write.1.tlog
D:\Downloads\sphinxbase\win32\sphinx_seg\Debug\Win32\link.command.1.tlog
D:\Downloads\sphinxbase\win32\sphinx_seg\Debug\Win32\link.read.1.tlog
D:\Downloads\sphinxbase\win32\sphinx_seg\Debug\Win32\link.write.1.tlog
D:\Downloads\sphinxbase\win32\sphinx_seg\Debug\Win32\vc110.idb
D:\Downloads\sphinxbase\win32\sphinx_seg\Debug\Win32\vc110.pdb
D:\Downloads\sphinxbase\\bin\Debug\Win32\sphinx_seg.pdb
D:\Downloads\sphinxbase\\bin\Debug\Win32\sphinx_seg.exe
D:\Downloads\sphinxbase\\bin\Debug\Win32\sphinx_seg.ilk
