Build started 2/9/2021 11:44:18 AM.
     1>Project "D:\Downloads\sphinxtrain-master\win32\programs\mk_s2sendump\mk_s2sendump.vcxproj" on node 12 (Build target(s)).
     1>ClCompile:
         C:\Program Files (x86)\Microsoft Visual Studio 11.0\VC\bin\CL.exe /c /I..\..\..\include /I..\..\..\..\sphinxbase\include\win32 /I..\..\..\..\sphinxbase\include /ZI /nologo /W3 /WX- /Od /Oy- /D _DEBUG /D _CONSOLE /D _CRT_SECURE_NO_WARNINGS /D SPHINX_DLL /D _VC80_UPGRADE=0x0600 /D _MBCS /Gm /EHsc /RTC1 /MDd /GS /fp:precise /Zc:wchar_t /Zc:forScope /Fo".\Debug\Win32/" /Fd".\Debug\Win32/vc110.pdb" /Gd /TC /analyze- /errorReport:prompt ..\..\..\src\programs\mk_s2sendump\mk_s2sendump.c ..\..\..\src\programs\mk_s2sendump\parse_cmd_ln.c ..\..\..\src\programs\mk_s2sendump\senone.c
         senone.c
     1>d:\downloads\sphinxtrain-master\src\programs\mk_s2sendump\senone.c(122): warning C4018: '<' : signed/unsigned mismatch
     1>d:\downloads\sphinxtrain-master\src\programs\mk_s2sendump\senone.c(134): warning C4018: '<' : signed/unsigned mismatch
     1>d:\downloads\sphinxtrain-master\src\programs\mk_s2sendump\senone.c(164): warning C4018: '<' : signed/unsigned mismatch
     1>d:\downloads\sphinxtrain-master\src\programs\mk_s2sendump\senone.c(166): warning C4018: '<' : signed/unsigned mismatch
     1>d:\downloads\sphinxtrain-master\src\programs\mk_s2sendump\senone.c(171): warning C4018: '<' : signed/unsigned mismatch
     1>d:\downloads\sphinxtrain-master\src\programs\mk_s2sendump\senone.c(177): warning C4018: '<' : signed/unsigned mismatch
     1>d:\downloads\sphinxtrain-master\src\programs\mk_s2sendump\senone.c(186): warning C4018: '<' : signed/unsigned mismatch
     1>d:\downloads\sphinxtrain-master\src\programs\mk_s2sendump\senone.c(190): warning C4018: '<' : signed/unsigned mismatch
     1>d:\downloads\sphinxtrain-master\src\programs\mk_s2sendump\senone.c(260): warning C4018: '<' : signed/unsigned mismatch
     1>d:\downloads\sphinxtrain-master\src\programs\mk_s2sendump\senone.c(265): warning C4018: '<' : signed/unsigned mismatch
     1>d:\downloads\sphinxtrain-master\src\programs\mk_s2sendump\senone.c(293): warning C4018: '<' : signed/unsigned mismatch
     1>d:\downloads\sphinxtrain-master\src\programs\mk_s2sendump\senone.c(298): warning C4018: '<' : signed/unsigned mismatch
     1>d:\downloads\sphinxtrain-master\src\programs\mk_s2sendump\senone.c(307): warning C4244: 'function' : conversion from 'float64' to 'float32', possible loss of data
         parse_cmd_ln.c
         mk_s2sendump.c
     1>d:\downloads\sphinxtrain-master\src\programs\mk_s2sendump\mk_s2sendump.c(121): warning C4018: '<' : signed/unsigned mismatch
     1>d:\downloads\sphinxtrain-master\src\programs\mk_s2sendump\mk_s2sendump.c(142): warning C4018: '<' : signed/unsigned mismatch
     1>d:\downloads\sphinxtrain-master\src\programs\mk_s2sendump\mk_s2sendump.c(152): warning C4018: '<' : signed/unsigned mismatch
     1>d:\downloads\sphinxtrain-master\src\programs\mk_s2sendump\mk_s2sendump.c(157): warning C4018: '>' : signed/unsigned mismatch
     1>d:\downloads\sphinxtrain-master\src\programs\mk_s2sendump\mk_s2sendump.c(240): warning C4018: '<' : signed/unsigned mismatch
     1>d:\downloads\sphinxtrain-master\src\programs\mk_s2sendump\mk_s2sendump.c(247): warning C4018: '<' : signed/unsigned mismatch
         Generating Code...
       Link:
         C:\Program Files (x86)\Microsoft Visual Studio 11.0\VC\bin\link.exe /ERRORREPORT:PROMPT /OUT:".\..\..\..\bin\Debug\Win32/mk_s2sendump.exe" /INCREMENTAL /NOLOGO /LIBPATH:..\..\..\..\sphinxbase\bin\Debug\Win32 sphinxbase.lib kernel32.lib user32.lib gdi32.lib winspool.lib comdlg32.lib advapi32.lib shell32.lib ole32.lib oleaut32.lib uuid.lib odbc32.lib odbccp32.lib /MANIFEST /MANIFESTUAC:"level='asInvoker' uiAccess='false'" /manifest:embed /DEBUG /PDB:".\..\..\..\bin\Debug\Win32/mk_s2sendump.pdb" /SUBSYSTEM:CONSOLE /TLBID:1 /DYNAMICBASE /NXCOMPAT /IMPLIB:".\..\..\..\bin\Debug\Win32\mk_s2sendump.lib" /MACHINE:X86 /SAFESEH .\Debug\Win32/mk_s2sendump.obj
         .\Debug\Win32/parse_cmd_ln.obj
         .\Debug\Win32/senone.obj
         "D:\Downloads\sphinxtrain-master\lib\Debug\Win32\libclust.lib"
         "D:\Downloads\sphinxtrain-master\lib\Debug\Win32\libcommon.lib"
         "D:\Downloads\sphinxtrain-master\lib\Debug\Win32\libio.lib"
         "D:\Downloads\sphinxtrain-master\lib\Debug\Win32\libmllr.lib"
         "D:\Downloads\sphinxtrain-master\lib\Debug\Win32\libmodinv.lib"
     1>mk_s2sendump.obj : warning LNK4075: ignoring '/EDITANDCONTINUE' due to '/SAFESEH' specification
         mk_s2sendump.vcxproj -> D:\Downloads\sphinxtrain-master\win32\programs\mk_s2sendump\.\..\..\..\bin\Debug\Win32\mk_s2sendump.exe
     1>Done Building Project "D:\Downloads\sphinxtrain-master\win32\programs\mk_s2sendump\mk_s2sendump.vcxproj" (Build target(s)).

Build succeeded.

Time Elapsed 00:00:01.05
