D:\DOWNLOADS\SPHINXBASE\WIN32\SPHINX_CEPVIEW\DEBUG\WIN32\MAIN_CEPVIEW.OBJ
D:\DOWNLOADS\SPHINXBASE\WIN32\SPHINX_CEPVIEW\DEBUG\WIN32\VC110.PDB
D:\DOWNLOADS\SPHINXBASE\BIN\DEBUG\WIN32\SPHINX_CEPVIEW.ILK
D:\DOWNLOADS\SPHINXBASE\BIN\DEBUG\WIN32\SPHINX_CEPVIEW.EXE
D:\DOWNLOADS\SPHINXBASE\BIN\DEBUG\WIN32\SPHINX_CEPVIEW.PDB
D:\Downloads\sphinxbase\win32\sphinx_cepview\Debug\Win32\main_cepview.obj
D:\Downloads\sphinxbase\win32\sphinx_cepview\Debug\Win32\cl.command.1.tlog
D:\Downloads\sphinxbase\win32\sphinx_cepview\Debug\Win32\CL.read.1.tlog
D:\Downloads\sphinxbase\win32\sphinx_cepview\Debug\Win32\CL.write.1.tlog
D:\Downloads\sphinxbase\win32\sphinx_cepview\Debug\Win32\link-cvtres.read.1.tlog
D:\Downloads\sphinxbase\win32\sphinx_cepview\Debug\Win32\link-cvtres.write.1.tlog
D:\Downloads\sphinxbase\win32\sphinx_cepview\Debug\Win32\link-rc.read.1.tlog
D:\Downloads\sphinxbase\win32\sphinx_cepview\Debug\Win32\link-rc.write.1.tlog
D:\Downloads\sphinxbase\win32\sphinx_cepview\Debug\Win32\link.command.1.tlog
D:\Downloads\sphinxbase\win32\sphinx_cepview\Debug\Win32\link.read.1.tlog
D:\Downloads\sphinxbase\win32\sphinx_cepview\Debug\Win32\link.write.1.tlog
D:\Downloads\sphinxbase\win32\sphinx_cepview\Debug\Win32\vc110.idb
D:\Downloads\sphinxbase\win32\sphinx_cepview\Debug\Win32\vc110.pdb
D:\Downloads\sphinxbase\\bin\Debug\Win32\sphinx_cepview.pdb
D:\Downloads\sphinxbase\\bin\Debug\Win32\sphinx_cepview.exe
D:\Downloads\sphinxbase\\bin\Debug\Win32\sphinx_cepview.ilk
