Build started 2/9/2021 11:44:17 AM.
     1>Project "D:\Downloads\sphinxtrain-master\win32\programs\agg_seg\agg_seg.vcxproj" on node 2 (Build target(s)).
     1>ClCompile:
         C:\Program Files (x86)\Microsoft Visual Studio 11.0\VC\bin\CL.exe /c /I..\..\..\include /I..\..\..\..\sphinxbase\include\win32 /I..\..\..\..\sphinxbase\include /ZI /nologo /W3 /WX- /Od /Oy- /D _DEBUG /D _CONSOLE /D _CRT_SECURE_NO_WARNINGS /D SPHINX_DLL /D _VC80_UPGRADE=0x0600 /D _MBCS /Gm /EHsc /RTC1 /MDd /GS /fp:precise /Zc:wchar_t /Zc:forScope /Fo".\Debug\Win32/" /Fd".\Debug\Win32/vc110.pdb" /Gd /TC /analyze- /errorReport:prompt ..\..\..\src\programs\agg_seg\agg_all_seg.c ..\..\..\src\programs\agg_seg\agg_phn_seg.c ..\..\..\src\programs\agg_seg\agg_st_seg.c ..\..\..\src\programs\agg_seg\cnt_phn_seg.c ..\..\..\src\programs\agg_seg\cnt_st_seg.c ..\..\..\src\programs\agg_seg\main.c ..\..\..\src\programs\agg_seg\mk_seg.c ..\..\..\src\programs\agg_seg\parse_cmd_ln.c
         parse_cmd_ln.c
         mk_seg.c
         main.c
     1>d:\downloads\sphinxtrain-master\src\programs\agg_seg\main.c(231): warning C4244: '=' : conversion from 'double' to 'mfcc_t', possible loss of data
     1>d:\downloads\sphinxtrain-master\src\programs\agg_seg\main.c(236): warning C4244: '=' : conversion from 'double' to 'mfcc_t', possible loss of data
         cnt_st_seg.c
         cnt_phn_seg.c
         agg_st_seg.c
     1>d:\downloads\sphinxtrain-master\src\programs\agg_seg\agg_st_seg.c(246): warning C4018: '<' : signed/unsigned mismatch
         agg_phn_seg.c
         agg_all_seg.c
     1>d:\downloads\sphinxtrain-master\src\programs\agg_seg\agg_all_seg.c(150): warning C4018: '<' : signed/unsigned mismatch
         Generating Code...
       Link:
         C:\Program Files (x86)\Microsoft Visual Studio 11.0\VC\bin\link.exe /ERRORREPORT:PROMPT /OUT:".\..\..\..\bin\Debug\Win32/agg_seg.exe" /INCREMENTAL /NOLOGO /LIBPATH:..\..\..\..\sphinxbase\bin\Debug\Win32 sphinxbase.lib kernel32.lib user32.lib gdi32.lib winspool.lib comdlg32.lib advapi32.lib shell32.lib ole32.lib oleaut32.lib uuid.lib odbc32.lib odbccp32.lib /MANIFEST /MANIFESTUAC:"level='asInvoker' uiAccess='false'" /manifest:embed /DEBUG /PDB:".\..\..\..\bin\Debug\Win32/agg_seg.pdb" /SUBSYSTEM:CONSOLE /TLBID:1 /DYNAMICBASE /NXCOMPAT /IMPLIB:".\..\..\..\bin\Debug\Win32\agg_seg.lib" /MACHINE:X86 /SAFESEH .\Debug\Win32/agg_all_seg.obj
         .\Debug\Win32/agg_phn_seg.obj
         .\Debug\Win32/agg_st_seg.obj
         .\Debug\Win32/cnt_phn_seg.obj
         .\Debug\Win32/cnt_st_seg.obj
         .\Debug\Win32/main.obj
         .\Debug\Win32/mk_seg.obj
         .\Debug\Win32/parse_cmd_ln.obj
         "D:\Downloads\sphinxtrain-master\lib\Debug\Win32\libclust.lib"
         "D:\Downloads\sphinxtrain-master\lib\Debug\Win32\libcommon.lib"
         "D:\Downloads\sphinxtrain-master\lib\Debug\Win32\libio.lib"
         "D:\Downloads\sphinxtrain-master\lib\Debug\Win32\libmllr.lib"
         "D:\Downloads\sphinxtrain-master\lib\Debug\Win32\libmodinv.lib"
     1>agg_all_seg.obj : warning LNK4075: ignoring '/EDITANDCONTINUE' due to '/SAFESEH' specification
         agg_seg.vcxproj -> D:\Downloads\sphinxtrain-master\win32\programs\agg_seg\.\..\..\..\bin\Debug\Win32\agg_seg.exe
     1>Done Building Project "D:\Downloads\sphinxtrain-master\win32\programs\agg_seg\agg_seg.vcxproj" (Build target(s)).

Build succeeded.

Time Elapsed 00:00:02.67
