Build started 2/8/2021 12:12:47 PM.
     1>Project "D:\Downloads\sphinxbase\win32\sphinxbase\sphinxbase.vcxproj" on node 2 (Build target(s)).
     1>ClCompile:
         C:\Program Files (x86)\Microsoft Visual Studio 11.0\VC\bin\CL.exe /c /I../../include/win32 /I../../include /ZI /nologo /W3 /WX- /Od /Oy- /D _DEBUG /D _USRDLL /D SPHINX_DLL /D SPHINXBASE_EXPORTS /D HAVE_CONFIG_H /D _CRT_SECURE_NO_DEPRECATE /D _WINDLL /D _MBCS /Gm /EHsc /RTC1 /MDd /GS /fp:precise /Zc:wchar_t /Zc:forScope /Fo".\Debug\Win32/" /Fd".\Debug\Win32/vc110.pdb" /Gd /TC /analyze- /errorReport:prompt ..\..\src\libsphinxad\ad_win32.c ..\..\src\libsphinxbase\feat\agc.c ..\..\src\libsphinxbase\feat\cmn.c ..\..\src\libsphinxbase\feat\cmn_live.c ..\..\src\libsphinxbase\feat\feat.c ..\..\src\libsphinxbase\feat\lda.c ..\..\src\libsphinxbase\fe\fe_interface.c ..\..\src\libsphinxbase\fe\fe_noise.c ..\..\src\libsphinxbase\fe\fe_prespch_buf.c ..\..\src\libsphinxbase\fe\fe_sigproc.c ..\..\src\libsphinxbase\fe\fe_warp_affine.c ..\..\src\libsphinxbase\fe\fe_warp.c ..\..\src\libsphinxbase\fe\fe_warp_inverse_linear.c ..\..\src\libsphinxbase\fe\fe_warp_piecewise_linear.c ..\..\src\libsphinxbase\fe\fixlog.c ..\..\src\libsphinxbase\fe\yin.c ..\..\src\libsphinxbase\lm\fsg_model.c ..\..\src\libsphinxbase\lm\jsgf.c ..\..\src\libsphinxbase\lm\jsgf_parser.c ..\..\src\libsphinxbase\lm\jsgf_scanner.c ..\..\src\libsphinxbase\lm\ngrams_raw.c ..\..\src\libsphinxbase\lm\lm_trie.c ..\..\src\libsphinxbase\lm\lm_trie_quant.c ..\..\src\libsphinxbase\lm\ngram_model.c ..\..\src\libsphinxbase\lm\ngram_model_set.c ..\..\src\libsphinxbase\lm\ngram_model_trie.c ..\..\src\libsphinxbase\util\bio.c ..\..\src\libsphinxbase\util\bitarr.c ..\..\src\libsphinxbase\util\bitvec.c ..\..\src\libsphinxbase\util\blas_lite.c ..\..\src\libsphinxbase\util\case.c ..\..\src\libsphinxbase\util\ckd_alloc.c ..\..\src\libsphinxbase\util\cmd_ln.c ..\..\src\libsphinxbase\util\dtoa.c ..\..\src\libsphinxbase\util\err.c ..\..\src\libsphinxbase\util\f2c_lite.c ..\..\src\libsphinxbase\util\filename.c ..\..\src\libsphinxbase\util\genrand.c ..\..\src\libsphinxbase\util\glist.c ..\..\src\libsphinxbase\util\hash_table.c ..\..\src\libsphinxbase\util\heap.c ..\..\src\libsphinxbase\util\listelem_alloc.c ..\..\src\libsphinxbase\util\logmath.c ..\..\src\libsphinxbase\util\matrix.c ..\..\src\libsphinxbase\util\mmio.c ..\..\src\libsphinxbase\util\pio.c ..\..\src\libsphinxbase\util\priority_queue.c ..\..\src\libsphinxbase\util\profile.c ..\..\src\libsphinxbase\util\sbthread.c ..\..\src\libsphinxbase\util\slamch.c ..\..\src\libsphinxbase\util\slapack_lite.c ..\..\src\libsphinxbase\util\strfuncs.c
         strfuncs.c
         slapack_lite.c
     1>d:\downloads\sphinxbase\src\libsphinxbase\util\slapack_lite.c(1041): warning C4244: '=' : conversion from 'doublereal' to 'real', possible loss of data
     1>d:\downloads\sphinxbase\src\libsphinxbase\util\slapack_lite.c(1046): warning C4244: '=' : conversion from 'double' to 'real', possible loss of data
     1>d:\downloads\sphinxbase\src\libsphinxbase\util\slapack_lite.c(1074): warning C4244: '=' : conversion from 'doublereal' to 'real', possible loss of data
     1>d:\downloads\sphinxbase\src\libsphinxbase\util\slapack_lite.c(1079): warning C4244: '=' : conversion from 'double' to 'real', possible loss of data
         slamch.c
         sbthread.c
         profile.c
         priority_queue.c
         pio.c
         mmio.c
         matrix.c
     1>d:\downloads\sphinxbase\src\libsphinxbase\util\matrix.c(71): warning C4244: '*=' : conversion from 'float64' to 'float32', possible loss of data
         logmath.c
         listelem_alloc.c
         heap.c
         hash_table.c
         glist.c
         genrand.c
         filename.c
         f2c_lite.c
         err.c
         dtoa.c
         cmd_ln.c
     1>d:\downloads\sphinxbase\src\libsphinxbase\util\cmd_ln.c(152): warning C4090: 'function' : different 'const' qualifiers
     1>d:\downloads\sphinxbase\src\libsphinxbase\util\cmd_ln.c(333): warning C4090: 'function' : different 'const' qualifiers
         Generating Code...
         Compiling...
         ckd_alloc.c
         case.c
         blas_lite.c
         bitvec.c
         bitarr.c
         bio.c
         ngram_model_trie.c
         ngram_model_set.c
         ngram_model.c
     1>d:\downloads\sphinxbase\src\libsphinxbase\lm\ngram_model.c(980): warning C4244: '=' : conversion from 'double' to 'float32', possible loss of data
         lm_trie_quant.c
         lm_trie.c
     1>d:\downloads\sphinxbase\src\libsphinxbase\lm\lm_trie.c(213): warning C4018: '<' : signed/unsigned mismatch
     1>d:\downloads\sphinxbase\src\libsphinxbase\lm\lm_trie.c(295): warning C4018: '<' : signed/unsigned mismatch
     1>d:\downloads\sphinxbase\src\libsphinxbase\lm\lm_trie.c(300): warning C4018: '<' : signed/unsigned mismatch
         ngrams_raw.c
     1>d:\downloads\sphinxbase\src\libsphinxbase\lm\ngrams_raw.c(56): warning C4018: '<' : signed/unsigned mismatch
     1>d:\downloads\sphinxbase\src\libsphinxbase\lm\ngrams_raw.c(91): warning C4244: '=' : conversion from 'double' to 'float32', possible loss of data
     1>d:\downloads\sphinxbase\src\libsphinxbase\lm\ngrams_raw.c(102): warning C4244: '=' : conversion from 'double' to 'float', possible loss of data
     1>d:\downloads\sphinxbase\src\libsphinxbase\lm\ngrams_raw.c(116): warning C4244: '=' : conversion from 'double' to 'float', possible loss of data
         jsgf_scanner.c
     1>jsgf_scanner.c(927): warning C4018: '<' : signed/unsigned mismatch
     1>_jsgf_scanner.l(84): warning C4244: '=' : conversion from 'double' to 'float', possible loss of data
     1>jsgf_scanner.c(1301): warning C4018: '<' : signed/unsigned mismatch
     1>jsgf_scanner.c(1829): warning C4018: '<' : signed/unsigned mismatch
         jsgf_parser.c
         jsgf.c
         fsg_model.c
     1>d:\downloads\sphinxbase\src\libsphinxbase\lm\fsg_model.c(663): warning C4244: '=' : conversion from 'double' to 'float32', possible loss of data
     1>d:\downloads\sphinxbase\src\libsphinxbase\lm\fsg_model.c(866): warning C4244: 'function' : conversion from 'float32' to 'int', possible loss of data
         yin.c
         fixlog.c
         fe_warp_piecewise_linear.c
         fe_warp_inverse_linear.c
         Generating Code...
         Compiling...
         fe_warp.c
         fe_warp_affine.c
         fe_sigproc.c
         fe_prespch_buf.c
         fe_noise.c
         fe_interface.c
         lda.c
         feat.c
     1>d:\downloads\sphinxbase\src\libsphinxbase\feat\feat.c(370): warning C4018: '>=' : signed/unsigned mismatch
     1>d:\downloads\sphinxbase\src\libsphinxbase\feat\feat.c(404): warning C4018: '>=' : signed/unsigned mismatch
     1>d:\downloads\sphinxbase\src\libsphinxbase\feat\feat.c(820): warning C4018: '<' : signed/unsigned mismatch
     1>d:\downloads\sphinxbase\src\libsphinxbase\feat\feat.c(900): warning C4018: '<' : signed/unsigned mismatch
     1>d:\downloads\sphinxbase\src\libsphinxbase\feat\feat.c(903): warning C4018: '<' : signed/unsigned mismatch
         cmn_live.c
         cmn.c
         agc.c
         ad_win32.c
         Generating Code...
       Link:
         C:\Program Files (x86)\Microsoft Visual Studio 11.0\VC\bin\link.exe /ERRORREPORT:PROMPT /OUT:"../../bin/Debug/Win32/sphinxbase.dll" /NOLOGO winmm.lib kernel32.lib user32.lib gdi32.lib winspool.lib comdlg32.lib advapi32.lib shell32.lib ole32.lib oleaut32.lib uuid.lib odbc32.lib odbccp32.lib /MANIFEST /MANIFESTUAC:"level='asInvoker' uiAccess='false'" /manifest:embed /DEBUG /PDB:"../../bin/Debug/Win32/sphinxbase.pdb" /TLBID:1 /DYNAMICBASE:NO /IMPLIB:"../../bin/Debug/Win32/sphinxbase.lib" /MACHINE:X86 /SAFESEH:NO /DLL .\Debug\Win32/ad_win32.obj
         .\Debug\Win32/agc.obj
         .\Debug\Win32/cmn.obj
         .\Debug\Win32/cmn_live.obj
         .\Debug\Win32/feat.obj
         .\Debug\Win32/lda.obj
         .\Debug\Win32/fe_interface.obj
         .\Debug\Win32/fe_noise.obj
         .\Debug\Win32/fe_prespch_buf.obj
         .\Debug\Win32/fe_sigproc.obj
         .\Debug\Win32/fe_warp_affine.obj
         .\Debug\Win32/fe_warp.obj
         .\Debug\Win32/fe_warp_inverse_linear.obj
         .\Debug\Win32/fe_warp_piecewise_linear.obj
         .\Debug\Win32/fixlog.obj
         .\Debug\Win32/yin.obj
         .\Debug\Win32/fsg_model.obj
         .\Debug\Win32/jsgf.obj
         .\Debug\Win32/jsgf_parser.obj
         .\Debug\Win32/jsgf_scanner.obj
         .\Debug\Win32/ngrams_raw.obj
         .\Debug\Win32/lm_trie.obj
         .\Debug\Win32/lm_trie_quant.obj
         .\Debug\Win32/ngram_model.obj
         .\Debug\Win32/ngram_model_set.obj
         .\Debug\Win32/ngram_model_trie.obj
         .\Debug\Win32/bio.obj
         .\Debug\Win32/bitarr.obj
         .\Debug\Win32/bitvec.obj
         .\Debug\Win32/blas_lite.obj
         .\Debug\Win32/case.obj
         .\Debug\Win32/ckd_alloc.obj
         .\Debug\Win32/cmd_ln.obj
         .\Debug\Win32/dtoa.obj
         .\Debug\Win32/err.obj
         .\Debug\Win32/f2c_lite.obj
         .\Debug\Win32/filename.obj
         .\Debug\Win32/genrand.obj
         .\Debug\Win32/glist.obj
         .\Debug\Win32/hash_table.obj
         .\Debug\Win32/heap.obj
         .\Debug\Win32/listelem_alloc.obj
         .\Debug\Win32/logmath.obj
         .\Debug\Win32/matrix.obj
         .\Debug\Win32/mmio.obj
         .\Debug\Win32/pio.obj
         .\Debug\Win32/priority_queue.obj
         .\Debug\Win32/profile.obj
         .\Debug\Win32/sbthread.obj
         .\Debug\Win32/slamch.obj
         .\Debug\Win32/slapack_lite.obj
         .\Debug\Win32/strfuncs.obj
            Creating library ../../bin/Debug/Win32/sphinxbase.lib and object ../../bin/Debug/Win32/sphinxbase.exp
         sphinxbase.vcxproj -> D:\Downloads\sphinxbase\\bin\Debug\Win32\sphinxbase.dll
     1>Done Building Project "D:\Downloads\sphinxbase\win32\sphinxbase\sphinxbase.vcxproj" (Build target(s)).

Build succeeded.

Time Elapsed 00:00:05.57
