D:\DOWNLOADS\SPHINXBASE\WIN32\SPHINXBASE\DEBUG\WIN32\CMD_LN.OBJ
D:\DOWNLOADS\SPHINXBASE\WIN32\SPHINXBASE\DEBUG\WIN32\DTOA.OBJ
D:\DOWNLOADS\SPHINXBASE\WIN32\SPHINXBASE\DEBUG\WIN32\ERR.OBJ
D:\DOWNLOADS\SPHINXBASE\WIN32\SPHINXBASE\DEBUG\WIN32\F2C_LITE.OBJ
D:\DOWNLOADS\SPHINXBASE\WIN32\SPHINXBASE\DEBUG\WIN32\FILENAME.OBJ
D:\DOWNLOADS\SPHINXBASE\WIN32\SPHINXBASE\DEBUG\WIN32\GENRAND.OBJ
D:\DOWNLOADS\SPHINXBASE\WIN32\SPHINXBASE\DEBUG\WIN32\GLIST.OBJ
D:\DOWNLOADS\SPHINXBASE\WIN32\SPHINXBASE\DEBUG\WIN32\HASH_TABLE.OBJ
D:\DOWNLOADS\SPHINXBASE\WIN32\SPHINXBASE\DEBUG\WIN32\HEAP.OBJ
D:\DOWNLOADS\SPHINXBASE\WIN32\SPHINXBASE\DEBUG\WIN32\LISTELEM_ALLOC.OBJ
D:\DOWNLOADS\SPHINXBASE\WIN32\SPHINXBASE\DEBUG\WIN32\LOGMATH.OBJ
D:\DOWNLOADS\SPHINXBASE\WIN32\SPHINXBASE\DEBUG\WIN32\MATRIX.OBJ
D:\DOWNLOADS\SPHINXBASE\WIN32\SPHINXBASE\DEBUG\WIN32\MMIO.OBJ
D:\DOWNLOADS\SPHINXBASE\WIN32\SPHINXBASE\DEBUG\WIN32\PIO.OBJ
D:\DOWNLOADS\SPHINXBASE\WIN32\SPHINXBASE\DEBUG\WIN32\PRIORITY_QUEUE.OBJ
D:\DOWNLOADS\SPHINXBASE\WIN32\SPHINXBASE\DEBUG\WIN32\PROFILE.OBJ
D:\DOWNLOADS\SPHINXBASE\WIN32\SPHINXBASE\DEBUG\WIN32\SBTHREAD.OBJ
D:\DOWNLOADS\SPHINXBASE\WIN32\SPHINXBASE\DEBUG\WIN32\SLAMCH.OBJ
D:\DOWNLOADS\SPHINXBASE\WIN32\SPHINXBASE\DEBUG\WIN32\SLAPACK_LITE.OBJ
D:\DOWNLOADS\SPHINXBASE\WIN32\SPHINXBASE\DEBUG\WIN32\STRFUNCS.OBJ
D:\DOWNLOADS\SPHINXBASE\WIN32\SPHINXBASE\DEBUG\WIN32\FE_WARP_INVERSE_LINEAR.OBJ
D:\DOWNLOADS\SPHINXBASE\WIN32\SPHINXBASE\DEBUG\WIN32\FE_WARP_PIECEWISE_LINEAR.OBJ
D:\DOWNLOADS\SPHINXBASE\WIN32\SPHINXBASE\DEBUG\WIN32\FIXLOG.OBJ
D:\DOWNLOADS\SPHINXBASE\WIN32\SPHINXBASE\DEBUG\WIN32\YIN.OBJ
D:\DOWNLOADS\SPHINXBASE\WIN32\SPHINXBASE\DEBUG\WIN32\FSG_MODEL.OBJ
D:\DOWNLOADS\SPHINXBASE\WIN32\SPHINXBASE\DEBUG\WIN32\JSGF.OBJ
D:\DOWNLOADS\SPHINXBASE\WIN32\SPHINXBASE\DEBUG\WIN32\JSGF_PARSER.OBJ
D:\DOWNLOADS\SPHINXBASE\WIN32\SPHINXBASE\DEBUG\WIN32\JSGF_SCANNER.OBJ
D:\DOWNLOADS\SPHINXBASE\WIN32\SPHINXBASE\DEBUG\WIN32\NGRAMS_RAW.OBJ
D:\DOWNLOADS\SPHINXBASE\WIN32\SPHINXBASE\DEBUG\WIN32\LM_TRIE.OBJ
D:\DOWNLOADS\SPHINXBASE\WIN32\SPHINXBASE\DEBUG\WIN32\LM_TRIE_QUANT.OBJ
D:\DOWNLOADS\SPHINXBASE\WIN32\SPHINXBASE\DEBUG\WIN32\NGRAM_MODEL.OBJ
D:\DOWNLOADS\SPHINXBASE\WIN32\SPHINXBASE\DEBUG\WIN32\NGRAM_MODEL_SET.OBJ
D:\DOWNLOADS\SPHINXBASE\WIN32\SPHINXBASE\DEBUG\WIN32\NGRAM_MODEL_TRIE.OBJ
D:\DOWNLOADS\SPHINXBASE\WIN32\SPHINXBASE\DEBUG\WIN32\BIO.OBJ
D:\DOWNLOADS\SPHINXBASE\WIN32\SPHINXBASE\DEBUG\WIN32\BITARR.OBJ
D:\DOWNLOADS\SPHINXBASE\WIN32\SPHINXBASE\DEBUG\WIN32\BITVEC.OBJ
D:\DOWNLOADS\SPHINXBASE\WIN32\SPHINXBASE\DEBUG\WIN32\BLAS_LITE.OBJ
D:\DOWNLOADS\SPHINXBASE\WIN32\SPHINXBASE\DEBUG\WIN32\CASE.OBJ
D:\DOWNLOADS\SPHINXBASE\WIN32\SPHINXBASE\DEBUG\WIN32\CKD_ALLOC.OBJ
D:\DOWNLOADS\SPHINXBASE\WIN32\SPHINXBASE\DEBUG\WIN32\AD_WIN32.OBJ
D:\DOWNLOADS\SPHINXBASE\WIN32\SPHINXBASE\DEBUG\WIN32\AGC.OBJ
D:\DOWNLOADS\SPHINXBASE\WIN32\SPHINXBASE\DEBUG\WIN32\CMN.OBJ
D:\DOWNLOADS\SPHINXBASE\WIN32\SPHINXBASE\DEBUG\WIN32\CMN_LIVE.OBJ
D:\DOWNLOADS\SPHINXBASE\WIN32\SPHINXBASE\DEBUG\WIN32\FEAT.OBJ
D:\DOWNLOADS\SPHINXBASE\WIN32\SPHINXBASE\DEBUG\WIN32\LDA.OBJ
D:\DOWNLOADS\SPHINXBASE\WIN32\SPHINXBASE\DEBUG\WIN32\FE_INTERFACE.OBJ
D:\DOWNLOADS\SPHINXBASE\WIN32\SPHINXBASE\DEBUG\WIN32\FE_NOISE.OBJ
D:\DOWNLOADS\SPHINXBASE\WIN32\SPHINXBASE\DEBUG\WIN32\FE_PRESPCH_BUF.OBJ
D:\DOWNLOADS\SPHINXBASE\WIN32\SPHINXBASE\DEBUG\WIN32\FE_SIGPROC.OBJ
D:\DOWNLOADS\SPHINXBASE\WIN32\SPHINXBASE\DEBUG\WIN32\FE_WARP_AFFINE.OBJ
D:\DOWNLOADS\SPHINXBASE\WIN32\SPHINXBASE\DEBUG\WIN32\FE_WARP.OBJ
D:\DOWNLOADS\SPHINXBASE\WIN32\SPHINXBASE\DEBUG\WIN32\VC110.PDB
D:\DOWNLOADS\SPHINXBASE\BIN\DEBUG\WIN32\SPHINXBASE.ILK
D:\DOWNLOADS\SPHINXBASE\BIN\DEBUG\WIN32\SPHINXBASE.DLL
D:\DOWNLOADS\SPHINXBASE\BIN\DEBUG\WIN32\SPHINXBASE.PDB
D:\Downloads\sphinxbase\bin\Debug\Win32\sphinxbase.lib
D:\Downloads\sphinxbase\bin\Debug\Win32\sphinxbase.exp
D:\Downloads\sphinxbase\win32\sphinxbase\Debug\Win32\ad_win32.obj
D:\Downloads\sphinxbase\win32\sphinxbase\Debug\Win32\agc.obj
D:\Downloads\sphinxbase\win32\sphinxbase\Debug\Win32\bio.obj
D:\Downloads\sphinxbase\win32\sphinxbase\Debug\Win32\bitarr.obj
D:\Downloads\sphinxbase\win32\sphinxbase\Debug\Win32\bitvec.obj
D:\Downloads\sphinxbase\win32\sphinxbase\Debug\Win32\blas_lite.obj
D:\Downloads\sphinxbase\win32\sphinxbase\Debug\Win32\case.obj
D:\Downloads\sphinxbase\win32\sphinxbase\Debug\Win32\ckd_alloc.obj
D:\Downloads\sphinxbase\win32\sphinxbase\Debug\Win32\cmd_ln.obj
D:\Downloads\sphinxbase\win32\sphinxbase\Debug\Win32\cmn.obj
D:\Downloads\sphinxbase\win32\sphinxbase\Debug\Win32\cmn_live.obj
D:\Downloads\sphinxbase\win32\sphinxbase\Debug\Win32\dtoa.obj
D:\Downloads\sphinxbase\win32\sphinxbase\Debug\Win32\err.obj
D:\Downloads\sphinxbase\win32\sphinxbase\Debug\Win32\f2c_lite.obj
D:\Downloads\sphinxbase\win32\sphinxbase\Debug\Win32\feat.obj
D:\Downloads\sphinxbase\win32\sphinxbase\Debug\Win32\fe_interface.obj
D:\Downloads\sphinxbase\win32\sphinxbase\Debug\Win32\fe_noise.obj
D:\Downloads\sphinxbase\win32\sphinxbase\Debug\Win32\fe_prespch_buf.obj
D:\Downloads\sphinxbase\win32\sphinxbase\Debug\Win32\fe_sigproc.obj
D:\Downloads\sphinxbase\win32\sphinxbase\Debug\Win32\fe_warp.obj
D:\Downloads\sphinxbase\win32\sphinxbase\Debug\Win32\fe_warp_affine.obj
D:\Downloads\sphinxbase\win32\sphinxbase\Debug\Win32\fe_warp_inverse_linear.obj
D:\Downloads\sphinxbase\win32\sphinxbase\Debug\Win32\fe_warp_piecewise_linear.obj
D:\Downloads\sphinxbase\win32\sphinxbase\Debug\Win32\filename.obj
D:\Downloads\sphinxbase\win32\sphinxbase\Debug\Win32\fixlog.obj
D:\Downloads\sphinxbase\win32\sphinxbase\Debug\Win32\fsg_model.obj
D:\Downloads\sphinxbase\win32\sphinxbase\Debug\Win32\genrand.obj
D:\Downloads\sphinxbase\win32\sphinxbase\Debug\Win32\glist.obj
D:\Downloads\sphinxbase\win32\sphinxbase\Debug\Win32\hash_table.obj
D:\Downloads\sphinxbase\win32\sphinxbase\Debug\Win32\heap.obj
D:\Downloads\sphinxbase\win32\sphinxbase\Debug\Win32\jsgf.obj
D:\Downloads\sphinxbase\win32\sphinxbase\Debug\Win32\jsgf_parser.obj
D:\Downloads\sphinxbase\win32\sphinxbase\Debug\Win32\jsgf_scanner.obj
D:\Downloads\sphinxbase\win32\sphinxbase\Debug\Win32\lda.obj
D:\Downloads\sphinxbase\win32\sphinxbase\Debug\Win32\listelem_alloc.obj
D:\Downloads\sphinxbase\win32\sphinxbase\Debug\Win32\lm_trie.obj
D:\Downloads\sphinxbase\win32\sphinxbase\Debug\Win32\lm_trie_quant.obj
D:\Downloads\sphinxbase\win32\sphinxbase\Debug\Win32\logmath.obj
D:\Downloads\sphinxbase\win32\sphinxbase\Debug\Win32\matrix.obj
D:\Downloads\sphinxbase\win32\sphinxbase\Debug\Win32\mmio.obj
D:\Downloads\sphinxbase\win32\sphinxbase\Debug\Win32\ngrams_raw.obj
D:\Downloads\sphinxbase\win32\sphinxbase\Debug\Win32\ngram_model.obj
D:\Downloads\sphinxbase\win32\sphinxbase\Debug\Win32\ngram_model_set.obj
D:\Downloads\sphinxbase\win32\sphinxbase\Debug\Win32\ngram_model_trie.obj
D:\Downloads\sphinxbase\win32\sphinxbase\Debug\Win32\pio.obj
D:\Downloads\sphinxbase\win32\sphinxbase\Debug\Win32\priority_queue.obj
D:\Downloads\sphinxbase\win32\sphinxbase\Debug\Win32\profile.obj
D:\Downloads\sphinxbase\win32\sphinxbase\Debug\Win32\sbthread.obj
D:\Downloads\sphinxbase\win32\sphinxbase\Debug\Win32\slamch.obj
D:\Downloads\sphinxbase\win32\sphinxbase\Debug\Win32\slapack_lite.obj
D:\Downloads\sphinxbase\win32\sphinxbase\Debug\Win32\strfuncs.obj
D:\Downloads\sphinxbase\win32\sphinxbase\Debug\Win32\yin.obj
D:\Downloads\sphinxbase\win32\sphinxbase\Debug\Win32\cl.command.1.tlog
D:\Downloads\sphinxbase\win32\sphinxbase\Debug\Win32\CL.read.1.tlog
D:\Downloads\sphinxbase\win32\sphinxbase\Debug\Win32\CL.write.1.tlog
D:\Downloads\sphinxbase\win32\sphinxbase\Debug\Win32\link-cvtres.read.1.tlog
D:\Downloads\sphinxbase\win32\sphinxbase\Debug\Win32\link-cvtres.write.1.tlog
D:\Downloads\sphinxbase\win32\sphinxbase\Debug\Win32\link-rc.read.1.tlog
D:\Downloads\sphinxbase\win32\sphinxbase\Debug\Win32\link-rc.write.1.tlog
D:\Downloads\sphinxbase\win32\sphinxbase\Debug\Win32\link.command.1.tlog
D:\Downloads\sphinxbase\win32\sphinxbase\Debug\Win32\link.read.1.tlog
D:\Downloads\sphinxbase\win32\sphinxbase\Debug\Win32\link.write.1.tlog
D:\Downloads\sphinxbase\win32\sphinxbase\Debug\Win32\sphinxbase.write.1.tlog
D:\Downloads\sphinxbase\win32\sphinxbase\Debug\Win32\vc110.idb
D:\Downloads\sphinxbase\win32\sphinxbase\Debug\Win32\vc110.pdb
D:\Downloads\sphinxbase\\bin\Debug\Win32\sphinxbase.pdb
D:\Downloads\sphinxbase\\bin\Debug\Win32\sphinxbase.dll
D:\Downloads\sphinxbase\\bin\Debug\Win32\sphinxbase.ilk
