D:\DOWNLOADS\SPHINXBASE\WIN32\SPHINX_JSGF2FSG\DEBUG\WIN32\MAIN.OBJ
D:\DOWNLOADS\SPHINXBASE\WIN32\SPHINX_JSGF2FSG\DEBUG\WIN32\VC110.PDB
D:\DOWNLOADS\SPHINXBASE\BIN\DEBUG\WIN32\SPHINX_JSGF2FSG.ILK
D:\DOWNLOADS\SPHINXBASE\BIN\DEBUG\WIN32\SPHINX_JSGF2FSG.EXE
D:\DOWNLOADS\SPHINXBASE\BIN\DEBUG\WIN32\SPHINX_JSGF2FSG.PDB
D:\Downloads\sphinxbase\win32\sphinx_jsgf2fsg\Debug\Win32\main.obj
D:\Downloads\sphinxbase\win32\sphinx_jsgf2fsg\Debug\Win32\cl.command.1.tlog
D:\Downloads\sphinxbase\win32\sphinx_jsgf2fsg\Debug\Win32\CL.read.1.tlog
D:\Downloads\sphinxbase\win32\sphinx_jsgf2fsg\Debug\Win32\CL.write.1.tlog
D:\Downloads\sphinxbase\win32\sphinx_jsgf2fsg\Debug\Win32\link-cvtres.read.1.tlog
D:\Downloads\sphinxbase\win32\sphinx_jsgf2fsg\Debug\Win32\link-cvtres.write.1.tlog
D:\Downloads\sphinxbase\win32\sphinx_jsgf2fsg\Debug\Win32\link-rc.read.1.tlog
D:\Downloads\sphinxbase\win32\sphinx_jsgf2fsg\Debug\Win32\link-rc.write.1.tlog
D:\Downloads\sphinxbase\win32\sphinx_jsgf2fsg\Debug\Win32\link.command.1.tlog
D:\Downloads\sphinxbase\win32\sphinx_jsgf2fsg\Debug\Win32\link.read.1.tlog
D:\Downloads\sphinxbase\win32\sphinx_jsgf2fsg\Debug\Win32\link.write.1.tlog
D:\Downloads\sphinxbase\win32\sphinx_jsgf2fsg\Debug\Win32\vc110.idb
D:\Downloads\sphinxbase\win32\sphinx_jsgf2fsg\Debug\Win32\vc110.pdb
D:\Downloads\sphinxbase\\bin\Debug\Win32\sphinx_jsgf2fsg.pdb
D:\Downloads\sphinxbase\\bin\Debug\Win32\sphinx_jsgf2fsg.exe
D:\Downloads\sphinxbase\\bin\Debug\Win32\sphinx_jsgf2fsg.ilk
