D:\DOWNLOADS\SPHINXBASE\WIN32\SPHINX_LM_CONVERT\DEBUG\WIN32\SPHINX_LM_CONVERT.OBJ
D:\DOWNLOADS\SPHINXBASE\WIN32\SPHINX_LM_CONVERT\DEBUG\WIN32\VC110.PDB
D:\DOWNLOADS\SPHINXBASE\BIN\DEBUG\WIN32\SPHINX_LM_CONVERT.ILK
D:\DOWNLOADS\SPHINXBASE\BIN\DEBUG\WIN32\SPHINX_LM_CONVERT.EXE
D:\DOWNLOADS\SPHINXBASE\BIN\DEBUG\WIN32\SPHINX_LM_CONVERT.PDB
D:\Downloads\sphinxbase\win32\sphinx_lm_convert\Debug\Win32\sphinx_lm_convert.obj
D:\Downloads\sphinxbase\win32\sphinx_lm_convert\Debug\Win32\cl.command.1.tlog
D:\Downloads\sphinxbase\win32\sphinx_lm_convert\Debug\Win32\CL.read.1.tlog
D:\Downloads\sphinxbase\win32\sphinx_lm_convert\Debug\Win32\CL.write.1.tlog
D:\Downloads\sphinxbase\win32\sphinx_lm_convert\Debug\Win32\link-cvtres.read.1.tlog
D:\Downloads\sphinxbase\win32\sphinx_lm_convert\Debug\Win32\link-cvtres.write.1.tlog
D:\Downloads\sphinxbase\win32\sphinx_lm_convert\Debug\Win32\link-rc.read.1.tlog
D:\Downloads\sphinxbase\win32\sphinx_lm_convert\Debug\Win32\link-rc.write.1.tlog
D:\Downloads\sphinxbase\win32\sphinx_lm_convert\Debug\Win32\link.command.1.tlog
D:\Downloads\sphinxbase\win32\sphinx_lm_convert\Debug\Win32\link.read.1.tlog
D:\Downloads\sphinxbase\win32\sphinx_lm_convert\Debug\Win32\link.write.1.tlog
D:\Downloads\sphinxbase\win32\sphinx_lm_convert\Debug\Win32\vc110.idb
D:\Downloads\sphinxbase\win32\sphinx_lm_convert\Debug\Win32\vc110.pdb
D:\Downloads\sphinxbase\\bin\Debug\Win32\sphinx_lm_convert.pdb
D:\Downloads\sphinxbase\\bin\Debug\Win32\sphinx_lm_convert.exe
D:\Downloads\sphinxbase\\bin\Debug\Win32\sphinx_lm_convert.ilk
