D:\DOWNLOADS\SPHINXBASE\WIN32\SPHINX_FE\DEBUG\WIN32\SPHINX_FE.OBJ
D:\DOWNLOADS\SPHINXBASE\WIN32\SPHINX_FE\DEBUG\WIN32\VC110.PDB
D:\DOWNLOADS\SPHINXBASE\BIN\DEBUG\WIN32\SPHINX_FE.ILK
D:\DOWNLOADS\SPHINXBASE\BIN\DEBUG\WIN32\SPHINX_FE.EXE
D:\DOWNLOADS\SPHINXBASE\BIN\DEBUG\WIN32\SPHINX_FE.PDB
D:\Downloads\sphinxbase\win32\sphinx_fe\Debug\Win32\sphinx_fe.obj
D:\Downloads\sphinxbase\win32\sphinx_fe\Debug\Win32\cl.command.1.tlog
D:\Downloads\sphinxbase\win32\sphinx_fe\Debug\Win32\CL.read.1.tlog
D:\Downloads\sphinxbase\win32\sphinx_fe\Debug\Win32\CL.write.1.tlog
D:\Downloads\sphinxbase\win32\sphinx_fe\Debug\Win32\link-cvtres.read.1.tlog
D:\Downloads\sphinxbase\win32\sphinx_fe\Debug\Win32\link-cvtres.write.1.tlog
D:\Downloads\sphinxbase\win32\sphinx_fe\Debug\Win32\link-rc.read.1.tlog
D:\Downloads\sphinxbase\win32\sphinx_fe\Debug\Win32\link-rc.write.1.tlog
D:\Downloads\sphinxbase\win32\sphinx_fe\Debug\Win32\link.command.1.tlog
D:\Downloads\sphinxbase\win32\sphinx_fe\Debug\Win32\link.read.1.tlog
D:\Downloads\sphinxbase\win32\sphinx_fe\Debug\Win32\link.write.1.tlog
D:\Downloads\sphinxbase\win32\sphinx_fe\Debug\Win32\vc110.idb
D:\Downloads\sphinxbase\win32\sphinx_fe\Debug\Win32\vc110.pdb
D:\Downloads\sphinxbase\\bin\Debug\Win32\sphinx_fe.pdb
D:\Downloads\sphinxbase\\bin\Debug\Win32\sphinx_fe.exe
D:\Downloads\sphinxbase\\bin\Debug\Win32\sphinx_fe.ilk
