Build started 2/9/2021 11:44:18 AM.
     1>Project "D:\Downloads\sphinxtrain-master\win32\programs\mk_mdef_gen\mk_mdef_gen.vcxproj" on node 13 (Build target(s)).
     1>ClCompile:
         C:\Program Files (x86)\Microsoft Visual Studio 11.0\VC\bin\CL.exe /c /I..\..\..\include /I..\..\..\..\sphinxbase\include\win32 /I..\..\..\..\sphinxbase\include /ZI /nologo /W3 /WX- /Od /Oy- /D _DEBUG /D _CONSOLE /D _CRT_SECURE_NO_WARNINGS /D SPHINX_DLL /D _VC80_UPGRADE=0x0600 /D _MBCS /Gm /EHsc /RTC1 /MDd /GS /fp:precise /Zc:wchar_t /Zc:forScope /Fo".\Debug\Win32/" /Fd".\Debug\Win32/vc110.pdb" /Gd /TC /analyze- /errorReport:prompt ..\..\..\src\programs\mk_mdef_gen\hash.c ..\..\..\src\programs\mk_mdef_gen\heap.c ..\..\..\src\programs\mk_mdef_gen\main.c ..\..\..\src\programs\mk_mdef_gen\mk_mdef_gen.c ..\..\..\src\programs\mk_mdef_gen\parse_cmd_ln.c
         parse_cmd_ln.c
         mk_mdef_gen.c
     1>d:\downloads\sphinxtrain-master\src\programs\mk_mdef_gen\mk_mdef_gen.c(174): warning C4996: 'strdup': The POSIX name for this item is deprecated. Instead, use the ISO C++ conformant name: _strdup. See online help for details.
                 c:\program files (x86)\microsoft visual studio 11.0\vc\include\string.h(241) : see declaration of 'strdup'
     1>d:\downloads\sphinxtrain-master\src\programs\mk_mdef_gen\mk_mdef_gen.c(293): warning C4996: 'strdup': The POSIX name for this item is deprecated. Instead, use the ISO C++ conformant name: _strdup. See online help for details.
                 c:\program files (x86)\microsoft visual studio 11.0\vc\include\string.h(241) : see declaration of 'strdup'
     1>d:\downloads\sphinxtrain-master\src\programs\mk_mdef_gen\mk_mdef_gen.c(306): warning C4018: '>' : signed/unsigned mismatch
     1>d:\downloads\sphinxtrain-master\src\programs\mk_mdef_gen\mk_mdef_gen.c(488): warning C4996: 'strdup': The POSIX name for this item is deprecated. Instead, use the ISO C++ conformant name: _strdup. See online help for details.
                 c:\program files (x86)\microsoft visual studio 11.0\vc\include\string.h(241) : see declaration of 'strdup'
     1>d:\downloads\sphinxtrain-master\src\programs\mk_mdef_gen\mk_mdef_gen.c(670): warning C4996: 'strdup': The POSIX name for this item is deprecated. Instead, use the ISO C++ conformant name: _strdup. See online help for details.
                 c:\program files (x86)\microsoft visual studio 11.0\vc\include\string.h(241) : see declaration of 'strdup'
     1>d:\downloads\sphinxtrain-master\src\programs\mk_mdef_gen\mk_mdef_gen.c(671): warning C4996: 'strdup': The POSIX name for this item is deprecated. Instead, use the ISO C++ conformant name: _strdup. See online help for details.
                 c:\program files (x86)\microsoft visual studio 11.0\vc\include\string.h(241) : see declaration of 'strdup'
     1>d:\downloads\sphinxtrain-master\src\programs\mk_mdef_gen\mk_mdef_gen.c(672): warning C4996: 'strdup': The POSIX name for this item is deprecated. Instead, use the ISO C++ conformant name: _strdup. See online help for details.
                 c:\program files (x86)\microsoft visual studio 11.0\vc\include\string.h(241) : see declaration of 'strdup'
     1>d:\downloads\sphinxtrain-master\src\programs\mk_mdef_gen\mk_mdef_gen.c(673): warning C4996: 'strdup': The POSIX name for this item is deprecated. Instead, use the ISO C++ conformant name: _strdup. See online help for details.
                 c:\program files (x86)\microsoft visual studio 11.0\vc\include\string.h(241) : see declaration of 'strdup'
     1>d:\downloads\sphinxtrain-master\src\programs\mk_mdef_gen\mk_mdef_gen.c(710): warning C4996: 'strdup': The POSIX name for this item is deprecated. Instead, use the ISO C++ conformant name: _strdup. See online help for details.
                 c:\program files (x86)\microsoft visual studio 11.0\vc\include\string.h(241) : see declaration of 'strdup'
     1>d:\downloads\sphinxtrain-master\src\programs\mk_mdef_gen\mk_mdef_gen.c(732): warning C4996: 'strdup': The POSIX name for this item is deprecated. Instead, use the ISO C++ conformant name: _strdup. See online help for details.
                 c:\program files (x86)\microsoft visual studio 11.0\vc\include\string.h(241) : see declaration of 'strdup'
     1>d:\downloads\sphinxtrain-master\src\programs\mk_mdef_gen\mk_mdef_gen.c(733): warning C4996: 'strdup': The POSIX name for this item is deprecated. Instead, use the ISO C++ conformant name: _strdup. See online help for details.
                 c:\program files (x86)\microsoft visual studio 11.0\vc\include\string.h(241) : see declaration of 'strdup'
     1>d:\downloads\sphinxtrain-master\src\programs\mk_mdef_gen\mk_mdef_gen.c(734): warning C4996: 'strdup': The POSIX name for this item is deprecated. Instead, use the ISO C++ conformant name: _strdup. See online help for details.
                 c:\program files (x86)\microsoft visual studio 11.0\vc\include\string.h(241) : see declaration of 'strdup'
     1>d:\downloads\sphinxtrain-master\src\programs\mk_mdef_gen\mk_mdef_gen.c(735): warning C4996: 'strdup': The POSIX name for this item is deprecated. Instead, use the ISO C++ conformant name: _strdup. See online help for details.
                 c:\program files (x86)\microsoft visual studio 11.0\vc\include\string.h(241) : see declaration of 'strdup'
     1>d:\downloads\sphinxtrain-master\src\programs\mk_mdef_gen\mk_mdef_gen.c(914): warning C4996: 'strdup': The POSIX name for this item is deprecated. Instead, use the ISO C++ conformant name: _strdup. See online help for details.
                 c:\program files (x86)\microsoft visual studio 11.0\vc\include\string.h(241) : see declaration of 'strdup'
     1>d:\downloads\sphinxtrain-master\src\programs\mk_mdef_gen\mk_mdef_gen.c(919): warning C4996: 'strdup': The POSIX name for this item is deprecated. Instead, use the ISO C++ conformant name: _strdup. See online help for details.
                 c:\program files (x86)\microsoft visual studio 11.0\vc\include\string.h(241) : see declaration of 'strdup'
     1>d:\downloads\sphinxtrain-master\src\programs\mk_mdef_gen\mk_mdef_gen.c(920): warning C4996: 'strdup': The POSIX name for this item is deprecated. Instead, use the ISO C++ conformant name: _strdup. See online help for details.
                 c:\program files (x86)\microsoft visual studio 11.0\vc\include\string.h(241) : see declaration of 'strdup'
     1>d:\downloads\sphinxtrain-master\src\programs\mk_mdef_gen\mk_mdef_gen.c(921): warning C4996: 'strdup': The POSIX name for this item is deprecated. Instead, use the ISO C++ conformant name: _strdup. See online help for details.
                 c:\program files (x86)\microsoft visual studio 11.0\vc\include\string.h(241) : see declaration of 'strdup'
     1>d:\downloads\sphinxtrain-master\src\programs\mk_mdef_gen\mk_mdef_gen.c(922): warning C4996: 'strdup': The POSIX name for this item is deprecated. Instead, use the ISO C++ conformant name: _strdup. See online help for details.
                 c:\program files (x86)\microsoft visual studio 11.0\vc\include\string.h(241) : see declaration of 'strdup'
         main.c
         heap.c
         hash.c
     1>d:\downloads\sphinxtrain-master\src\programs\mk_mdef_gen\hash.c(96): warning C4996: 'strdup': The POSIX name for this item is deprecated. Instead, use the ISO C++ conformant name: _strdup. See online help for details.
                 c:\program files (x86)\microsoft visual studio 11.0\vc\include\string.h(241) : see declaration of 'strdup'
     1>d:\downloads\sphinxtrain-master\src\programs\mk_mdef_gen\hash.c(164): warning C4996: 'strdup': The POSIX name for this item is deprecated. Instead, use the ISO C++ conformant name: _strdup. See online help for details.
                 c:\program files (x86)\microsoft visual studio 11.0\vc\include\string.h(241) : see declaration of 'strdup'
     1>d:\downloads\sphinxtrain-master\src\programs\mk_mdef_gen\hash.c(230): warning C4996: 'strdup': The POSIX name for this item is deprecated. Instead, use the ISO C++ conformant name: _strdup. See online help for details.
                 c:\program files (x86)\microsoft visual studio 11.0\vc\include\string.h(241) : see declaration of 'strdup'
         Generating Code...
       Link:
         C:\Program Files (x86)\Microsoft Visual Studio 11.0\VC\bin\link.exe /ERRORREPORT:PROMPT /OUT:".\..\..\..\bin\Debug\Win32/mk_mdef_gen.exe" /INCREMENTAL /NOLOGO /LIBPATH:..\..\..\..\sphinxbase\bin\Debug\Win32 sphinxbase.lib kernel32.lib user32.lib gdi32.lib winspool.lib comdlg32.lib advapi32.lib shell32.lib ole32.lib oleaut32.lib uuid.lib odbc32.lib odbccp32.lib /MANIFEST /MANIFESTUAC:"level='asInvoker' uiAccess='false'" /manifest:embed /DEBUG /PDB:".\..\..\..\bin\Debug\Win32/mk_mdef_gen.pdb" /SUBSYSTEM:CONSOLE /TLBID:1 /DYNAMICBASE /NXCOMPAT /IMPLIB:".\..\..\..\bin\Debug\Win32\mk_mdef_gen.lib" /MACHINE:X86 /SAFESEH .\Debug\Win32/hash.obj
         .\Debug\Win32/heap.obj
         .\Debug\Win32/main.obj
         .\Debug\Win32/mk_mdef_gen.obj
         .\Debug\Win32/parse_cmd_ln.obj
         "D:\Downloads\sphinxtrain-master\lib\Debug\Win32\libclust.lib"
         "D:\Downloads\sphinxtrain-master\lib\Debug\Win32\libcommon.lib"
         "D:\Downloads\sphinxtrain-master\lib\Debug\Win32\libio.lib"
         "D:\Downloads\sphinxtrain-master\lib\Debug\Win32\libmllr.lib"
         "D:\Downloads\sphinxtrain-master\lib\Debug\Win32\libmodinv.lib"
     1>hash.obj : warning LNK4075: ignoring '/EDITANDCONTINUE' due to '/SAFESEH' specification
         mk_mdef_gen.vcxproj -> D:\Downloads\sphinxtrain-master\win32\programs\mk_mdef_gen\.\..\..\..\bin\Debug\Win32\mk_mdef_gen.exe
     1>Done Building Project "D:\Downloads\sphinxtrain-master\win32\programs\mk_mdef_gen\mk_mdef_gen.vcxproj" (Build target(s)).

Build succeeded.

Time Elapsed 00:00:02.22
