Build started 2/9/2021 11:44:17 AM.
     1>Project "D:\Downloads\sphinxtrain-master\win32\programs\bw\bw.vcxproj" on node 4 (Build target(s)).
     1>ClCompile:
         C:\Program Files (x86)\Microsoft Visual Studio 11.0\VC\bin\CL.exe /c /I..\..\..\include /I..\..\..\..\sphinxbase\include\win32 /I..\..\..\..\sphinxbase\include /ZI /nologo /W3 /WX- /Od /Oy- /D _DEBUG /D _CONSOLE /D _CRT_SECURE_NO_WARNINGS /D SPHINX_DLL /D _VC80_UPGRADE=0x0600 /D _MBCS /Gm /EHsc /RTC1 /MDd /GS /fp:precise /Zc:wchar_t /Zc:forScope /Fo".\Debug\Win32/" /Fd".\Debug\Win32/vc110.pdb" /Gd /TC /analyze- /errorReport:prompt ..\..\..\src\programs\bw\accum.c ..\..\..\src\programs\bw\backward.c ..\..\..\src\programs\bw\baum_welch.c ..\..\..\src\programs\bw\forward.c ..\..\..\src\programs\bw\main.c ..\..\..\src\programs\bw\next_utt_states.c ..\..\..\src\programs\bw\train_cmd_ln.c ..\..\..\src\programs\bw\viterbi.c
         viterbi.c
     1>d:\downloads\sphinxtrain-master\src\programs\bw\viterbi.c(654): warning C4018: '<' : signed/unsigned mismatch
     1>d:\downloads\sphinxtrain-master\src\programs\bw\viterbi.c(763): warning C4018: '<' : signed/unsigned mismatch
         train_cmd_ln.c
         next_utt_states.c
         main.c
     1>d:\downloads\sphinxtrain-master\src\programs\bw\main.c(91): warning C4273: 'string_join' : inconsistent dll linkage
                 d:\downloads\sphinxbase\include\sphinxbase\strfuncs.h(65) : see previous definition of 'string_join'
     1>d:\downloads\sphinxtrain-master\src\programs\bw\main.c(279): warning C4244: '=' : conversion from 'double' to 'mfcc_t', possible loss of data
     1>d:\downloads\sphinxtrain-master\src\programs\bw\main.c(284): warning C4244: '=' : conversion from 'double' to 'mfcc_t', possible loss of data
     1>d:\downloads\sphinxtrain-master\src\programs\bw\main.c(776): warning C4018: '>' : signed/unsigned mismatch
     1>d:\downloads\sphinxtrain-master\src\programs\bw\main.c(1030): warning C4018: '<' : signed/unsigned mismatch
     1>d:\downloads\sphinxtrain-master\src\programs\bw\main.c(1039): warning C4018: '<' : signed/unsigned mismatch
     1>d:\downloads\sphinxtrain-master\src\programs\bw\main.c(1069): warning C4018: '<' : signed/unsigned mismatch
     1>d:\downloads\sphinxtrain-master\src\programs\bw\main.c(1089): warning C4018: '<' : signed/unsigned mismatch
     1>d:\downloads\sphinxtrain-master\src\programs\bw\main.c(1103): warning C4018: '<' : signed/unsigned mismatch
     1>d:\downloads\sphinxtrain-master\src\programs\bw\main.c(1685): warning C4018: '>' : signed/unsigned mismatch
         forward.c
         baum_welch.c
         backward.c
     1>d:\downloads\sphinxtrain-master\src\programs\bw\backward.c(611): warning C4244: '+=' : conversion from 'float64' to 'float32', possible loss of data
     1>d:\downloads\sphinxtrain-master\src\programs\bw\backward.c(833): warning C4244: '+=' : conversion from 'float64' to 'float32', possible loss of data
     1>d:\downloads\sphinxtrain-master\src\programs\bw\backward.c(1049): warning C4244: '+=' : conversion from 'float64' to 'float32', possible loss of data
         accum.c
     1>d:\downloads\sphinxtrain-master\src\programs\bw\accum.c(129): warning C4244: '+=' : conversion from 'float64' to 'float32', possible loss of data
     1>d:\downloads\sphinxtrain-master\src\programs\bw\accum.c(234): warning C4018: '<' : signed/unsigned mismatch
     1>d:\downloads\sphinxtrain-master\src\programs\bw\accum.c(776): warning C4996: 'unlink': The POSIX name for this item is deprecated. Instead, use the ISO C++ conformant name: _unlink. See online help for details.
                 c:\program files (x86)\microsoft visual studio 11.0\vc\include\stdio.h(285) : see declaration of 'unlink'
     1>d:\downloads\sphinxtrain-master\src\programs\bw\accum.c(781): warning C4996: 'unlink': The POSIX name for this item is deprecated. Instead, use the ISO C++ conformant name: _unlink. See online help for details.
                 c:\program files (x86)\microsoft visual studio 11.0\vc\include\stdio.h(285) : see declaration of 'unlink'
     1>d:\downloads\sphinxtrain-master\src\programs\bw\accum.c(787): warning C4996: 'unlink': The POSIX name for this item is deprecated. Instead, use the ISO C++ conformant name: _unlink. See online help for details.
                 c:\program files (x86)\microsoft visual studio 11.0\vc\include\stdio.h(285) : see declaration of 'unlink'
     1>d:\downloads\sphinxtrain-master\src\programs\bw\accum.c(807): warning C4996: 'unlink': The POSIX name for this item is deprecated. Instead, use the ISO C++ conformant name: _unlink. See online help for details.
                 c:\program files (x86)\microsoft visual studio 11.0\vc\include\stdio.h(285) : see declaration of 'unlink'
     1>d:\downloads\sphinxtrain-master\src\programs\bw\accum.c(1026): warning C4244: '=' : conversion from 'double' to 'float32', possible loss of data
         Generating Code...
       Link:
         C:\Program Files (x86)\Microsoft Visual Studio 11.0\VC\bin\link.exe /ERRORREPORT:PROMPT /OUT:".\..\..\..\bin\Debug\Win32/bw.exe" /INCREMENTAL /NOLOGO /LIBPATH:..\..\..\..\sphinxbase\bin\Debug\Win32 sphinxbase.lib kernel32.lib user32.lib gdi32.lib winspool.lib comdlg32.lib advapi32.lib shell32.lib ole32.lib oleaut32.lib uuid.lib odbc32.lib odbccp32.lib /MANIFEST /MANIFESTUAC:"level='asInvoker' uiAccess='false'" /manifest:embed /DEBUG /PDB:".\..\..\..\bin\Debug\Win32/bw.pdb" /SUBSYSTEM:CONSOLE /TLBID:1 /DYNAMICBASE /NXCOMPAT /IMPLIB:".\..\..\..\bin\Debug\Win32\bw.lib" /MACHINE:X86 /SAFESEH .\Debug\Win32/accum.obj
         .\Debug\Win32/backward.obj
         .\Debug\Win32/baum_welch.obj
         .\Debug\Win32/forward.obj
         .\Debug\Win32/main.obj
         .\Debug\Win32/next_utt_states.obj
         .\Debug\Win32/train_cmd_ln.obj
         .\Debug\Win32/viterbi.obj
         "D:\Downloads\sphinxtrain-master\lib\Debug\Win32\libclust.lib"
         "D:\Downloads\sphinxtrain-master\lib\Debug\Win32\libcommon.lib"
         "D:\Downloads\sphinxtrain-master\lib\Debug\Win32\libio.lib"
         "D:\Downloads\sphinxtrain-master\lib\Debug\Win32\libmllr.lib"
         "D:\Downloads\sphinxtrain-master\lib\Debug\Win32\libmodinv.lib"
     1>accum.obj : warning LNK4075: ignoring '/EDITANDCONTINUE' due to '/SAFESEH' specification
            Creating library .\..\..\..\bin\Debug\Win32\bw.lib and object .\..\..\..\bin\Debug\Win32\bw.exp
         bw.vcxproj -> D:\Downloads\sphinxtrain-master\win32\programs\bw\.\..\..\..\bin\Debug\Win32\bw.exe
     1>Done Building Project "D:\Downloads\sphinxtrain-master\win32\programs\bw\bw.vcxproj" (Build target(s)).

Build succeeded.

Time Elapsed 00:00:02.71
