Build started 2/9/2021 11:44:17 AM.
     1>Project "D:\Downloads\sphinxtrain-master\win32\programs\delint\delint.vcxproj" on node 6 (Build target(s)).
     1>ClCompile:
         C:\Program Files (x86)\Microsoft Visual Studio 11.0\VC\bin\CL.exe /c /I..\..\..\include /I..\..\..\..\sphinxbase\include\win32 /I..\..\..\..\sphinxbase\include /ZI /nologo /W3 /WX- /Od /Oy- /D _DEBUG /D _CONSOLE /D _CRT_SECURE_NO_WARNINGS /D SPHINX_DLL /D _VC80_UPGRADE=0x0600 /D _MBCS /Gm /EHsc /RTC1 /MDd /GS /fp:precise /Zc:wchar_t /Zc:forScope /Fo".\Debug\Win32/" /Fd".\Debug\Win32/vc110.pdb" /Gd /TC /analyze- /errorReport:prompt ..\..\..\src\programs\delint\interp_fn.c ..\..\..\src\programs\delint\main.c ..\..\..\src\programs\delint\parse_cmd_ln.c
         parse_cmd_ln.c
         main.c
     1>d:\downloads\sphinxtrain-master\src\programs\delint\main.c(366): warning C4244: '=' : conversion from 'float64' to 'float32', possible loss of data
         interp_fn.c
     1>d:\downloads\sphinxtrain-master\src\programs\delint\interp_fn.c(96): warning C4244: 'initializing' : conversion from 'double' to 'float32', possible loss of data
     1>d:\downloads\sphinxtrain-master\src\programs\delint\interp_fn.c(103): warning C4244: '=' : conversion from 'double' to 'float32', possible loss of data
     1>d:\downloads\sphinxtrain-master\src\programs\delint\interp_fn.c(123): warning C4244: '=' : conversion from 'float64' to 'float32', possible loss of data
     1>d:\downloads\sphinxtrain-master\src\programs\delint\interp_fn.c(161): warning C4244: '=' : conversion from 'double' to 'float32', possible loss of data
     1>d:\downloads\sphinxtrain-master\src\programs\delint\interp_fn.c(196): warning C4244: '=' : conversion from 'float64' to 'float32', possible loss of data
     1>d:\downloads\sphinxtrain-master\src\programs\delint\interp_fn.c(198): warning C4244: '+=' : conversion from 'float64' to 'float32', possible loss of data
     1>d:\downloads\sphinxtrain-master\src\programs\delint\interp_fn.c(205): warning C4244: 'initializing' : conversion from 'double' to 'float32', possible loss of data
         Generating Code...
       Link:
         C:\Program Files (x86)\Microsoft Visual Studio 11.0\VC\bin\link.exe /ERRORREPORT:PROMPT /OUT:".\..\..\..\bin\Debug\Win32/delint.exe" /INCREMENTAL /NOLOGO /LIBPATH:..\..\..\..\sphinxbase\bin\Debug\Win32 sphinxbase.lib kernel32.lib user32.lib gdi32.lib winspool.lib comdlg32.lib advapi32.lib shell32.lib ole32.lib oleaut32.lib uuid.lib odbc32.lib odbccp32.lib /MANIFEST /MANIFESTUAC:"level='asInvoker' uiAccess='false'" /manifest:embed /DEBUG /PDB:".\..\..\..\bin\Debug\Win32/delint.pdb" /SUBSYSTEM:CONSOLE /TLBID:1 /DYNAMICBASE /NXCOMPAT /IMPLIB:".\..\..\..\bin\Debug\Win32\delint.lib" /MACHINE:X86 /SAFESEH .\Debug\Win32/interp_fn.obj
         .\Debug\Win32/main.obj
         .\Debug\Win32/parse_cmd_ln.obj
         "D:\Downloads\sphinxtrain-master\lib\Debug\Win32\libclust.lib"
         "D:\Downloads\sphinxtrain-master\lib\Debug\Win32\libcommon.lib"
         "D:\Downloads\sphinxtrain-master\lib\Debug\Win32\libio.lib"
         "D:\Downloads\sphinxtrain-master\lib\Debug\Win32\libmllr.lib"
         "D:\Downloads\sphinxtrain-master\lib\Debug\Win32\libmodinv.lib"
     1>interp_fn.obj : warning LNK4075: ignoring '/EDITANDCONTINUE' due to '/SAFESEH' specification
         delint.vcxproj -> D:\Downloads\sphinxtrain-master\win32\programs\delint\.\..\..\..\bin\Debug\Win32\delint.exe
     1>Done Building Project "D:\Downloads\sphinxtrain-master\win32\programs\delint\delint.vcxproj" (Build target(s)).

Build succeeded.

Time Elapsed 00:00:01.30
